/var/spool/slurmd/job43178489/slurm_script: line 12: module: command not found
Open a new terminal window in Mac and Linux or a local terminal in Mobaxterm

Copy and paste the command bellow in new terminal to create a tunnel to the cluster

ssh -J sagi.nathan@bava.cs.huji.ac.il -L 35807:132.65.180.17:35807 sagi.nathan@moriah-gw.cs.huji.ac.il

After creating the tunnel copy and paste the URL that Jupyter Notebook created in a local browser.

[I 17:37:14.441 NotebookApp] Serving notebooks from local directory: /sci/nosnap/arieljaffe/sagi.nathan/adni_code
[I 17:37:14.442 NotebookApp] Jupyter Notebook 6.4.12 is running at:
[I 17:37:14.442 NotebookApp] http://glacier-07:35807/?token=5ea4b23c6261acc6534eced1a5ac027cdbbf41268f695483
[I 17:37:14.442 NotebookApp]  or http://127.0.0.1:35807/?token=5ea4b23c6261acc6534eced1a5ac027cdbbf41268f695483
[I 17:37:14.442 NotebookApp] Use Control-C to stop this server and shut down all kernels (twice to skip confirmation).
[E 17:37:14.445 NotebookApp] Failed to write server-info to /sci/home/sagi.nathan/.local/share/jupyter/runtime/nbserver-3196859.json: [Errno 28] No space left on device: '/sci/home/sagi.nathan/.local/share/jupyter/runtime/nbserver-3196859.json'
Traceback (most recent call last):
  File "/usr/bin/jupyter-notebook", line 33, in <module>
    sys.exit(load_entry_point('notebook==6.4.12', 'console_scripts', 'jupyter-notebook')())
             ^^^^^^^^^^^^^^^^^^^^^^^^^^^^^^^^^^^^^^^^^^^^^^^^^^^^^^^^^^^^^^^^^^^^^^^^^^^^^
  File "/usr/lib/python3/dist-packages/jupyter_core/application.py", line 269, in launch_instance
    return super().launch_instance(argv=argv, **kwargs)
           ^^^^^^^^^^^^^^^^^^^^^^^^^^^^^^^^^^^^^^^^^^^^
  File "/usr/lib/python3/dist-packages/traitlets/config/application.py", line 982, in launch_instance
    app.start()
  File "/usr/lib/python3/dist-packages/notebook/notebookapp.py", line 2336, in start
    self.write_browser_open_file()
  File "/usr/lib/python3/dist-packages/notebook/notebookapp.py", line 2239, in write_browser_open_file
    with open(self.browser_open_file, 'w', encoding='utf-8') as f:
         ^^^^^^^^^^^^^^^^^^^^^^^^^^^^^^^^^^^^^^^^^^^^^^^^^^^
OSError: [Errno 28] No space left on device: '/sci/home/sagi.nathan/.local/share/jupyter/runtime/nbserver-3196859-open.html'
