Lmod has detected the following error: The following module(s) are unknown:
"notebook"

Please check the spelling or version number. Also try "module spider ..."
It is also possible your cache file is out-of-date; it may help to try:
  $ module --ignore_cache load "notebook"

Also make sure that all modulefiles written in TCL start with the string
#%Module



Open a new terminal window in Mac and Linux or a local terminal in Mobaxterm

Copy and paste the command bellow in new terminal to create a tunnel to the cluster

ssh -J sagi.nathan@bava.cs.huji.ac.il -L 26334:132.65.180.18:26334 sagi.nathan@moriah-gw.cs.huji.ac.il

After creating the tunnel copy and paste the URL that Jupyter Notebook created in a local browser.

Traceback (most recent call last):
  File "/sci/labs/arieljaffe/sagi.nathan/.conda/envs/py39/bin/jupyter-notebook", line 6, in <module>
    from notebook.app import main
  File "/sci/labs/arieljaffe/sagi.nathan/.conda/envs/py39/lib/python3.9/site-packages/notebook/app.py", line 21, in <module>
    from jupyterlab.commands import (  # type:ignore[import-untyped]
  File "/sci/labs/arieljaffe/sagi.nathan/.conda/envs/py39/lib/python3.9/site-packages/jupyterlab/__init__.py", line 8, in <module>
    from .handlers.announcements import (
  File "/sci/labs/arieljaffe/sagi.nathan/.conda/envs/py39/lib/python3.9/site-packages/jupyterlab/handlers/announcements.py", line 16, in <module>
    from jupyterlab_server.translation_utils import translator
  File "/sci/labs/arieljaffe/sagi.nathan/.conda/envs/py39/lib/python3.9/site-packages/jupyterlab_server/__init__.py", line 6, in <module>
    from .app import LabServerApp
  File "/sci/labs/arieljaffe/sagi.nathan/.conda/envs/py39/lib/python3.9/site-packages/jupyterlab_server/app.py", line 15, in <module>
    from .handlers import LabConfig, add_handlers
  File "/sci/labs/arieljaffe/sagi.nathan/.conda/envs/py39/lib/python3.9/site-packages/jupyterlab_server/handlers.py", line 21, in <module>
    from .listings_handler import ListingsHandler, fetch_listings
  File "/sci/labs/arieljaffe/sagi.nathan/.conda/envs/py39/lib/python3.9/site-packages/jupyterlab_server/listings_handler.py", line 10, in <module>
    import requests
  File "/sci/labs/arieljaffe/sagi.nathan/.conda/envs/py39/lib/python3.9/site-packages/requests/__init__.py", line 48, in <module>
    from charset_normalizer import __version__ as charset_normalizer_version
  File "/sci/labs/arieljaffe/sagi.nathan/.conda/envs/py39/lib/python3.9/site-packages/charset_normalizer/__init__.py", line 26, in <module>
    from .api import from_bytes, from_fp, from_path, is_binary
  File "/sci/labs/arieljaffe/sagi.nathan/.conda/envs/py39/lib/python3.9/site-packages/charset_normalizer/api.py", line 7, in <module>
    from .cd import (
  File "/sci/labs/arieljaffe/sagi.nathan/.conda/envs/py39/lib/python3.9/site-packages/charset_normalizer/cd.py", line 16, in <module>
    from .md import is_suspiciously_successive_range
AttributeError: partially initialized module 'charset_normalizer' has no attribute 'md__mypyc' (most likely due to a circular import)
